<?xml version="1.0" encoding="UTF-8"?>
<!-- Generated by org.testng.reporters.JUnitReportReporter -->
<testsuite skipped="0" hostname="5FC-VDI070" name="Apitesting.Automation.Samplescript" tests="5" failures="0" timestamp="09 Apr 2020 13:03:50 GMT" time="6.876" errors="0">
  <testcase name="checkAuthorizationTest" time="5.321" classname="Apitesting.Automation.Samplescript"/>
  <testcase name="updateUserDetailsTest" time="0.374" classname="Apitesting.Automation.Samplescript"/>
  <testcase name="getUserDetailsTest" time="0.117" classname="Apitesting.Automation.Samplescript"/>
  <testcase name="deleteUserTest" time="0.420" classname="Apitesting.Automation.Samplescript"/>
  <testcase name="createUserTest" time="0.644" classname="Apitesting.Automation.Samplescript"/>
</testsuite> <!-- Apitesting.Automation.Samplescript -->
