<?xml version="1.0" encoding="UTF-8"?>
<!-- Generated by org.testng.reporters.JUnitReportReporter -->
<testsuite skipped="0" hostname="5FC-VDI070" name="testcases.Registercustomer" tests="1" failures="0" timestamp="18 Apr 2020 05:30:54 GMT" time="5.131" errors="0">
  <testcase name="registercustomerapi" time="5.131" classname="testcases.Registercustomer"/>
</testsuite> <!-- testcases.Registercustomer -->
