<?xml version="1.0" encoding="UTF-8"?>
<!-- Generated by org.testng.reporters.JUnitReportReporter -->
<testsuite skipped="0" hostname="5FC-VDI070" name="Apitesting.Automation.Registercustomer" tests="1" failures="0" timestamp="17 Apr 2020 09:55:36 GMT" time="5.724" errors="0">
  <testcase name="registercustomerapi" time="5.724" classname="Apitesting.Automation.Registercustomer"/>
</testsuite> <!-- Apitesting.Automation.Registercustomer -->
