<?xml version="1.0" encoding="UTF-8"?>
<!-- Generated by org.testng.reporters.JUnitReportReporter -->
<testsuite skipped="0" hostname="5FC-VDI070" name="Apitesting.Automation.Datadriventest_api" tests="1" failures="0" timestamp="14 Apr 2020 09:25:32 GMT" time="4.139" errors="0">
  <testcase name="postnewelployee" time="4.139" classname="Apitesting.Automation.Datadriventest_api"/>
</testsuite> <!-- Apitesting.Automation.Datadriventest_api -->
