<?xml version="1.0" encoding="UTF-8"?>
<!-- Generated by org.testng.reporters.JUnitReportReporter -->
<testsuite skipped="0" hostname="5FC-VDI070" name="Apitesting.Automation.Datadriven_array" tests="3" failures="0" timestamp="17 Apr 2020 13:56:57 GMT" time="6.036" errors="0">
  <testcase name="newdata" time="0.595" classname="Apitesting.Automation.Datadriven_array"/>
  <testcase name="newdata" time="4.889" classname="Apitesting.Automation.Datadriven_array"/>
  <testcase name="newdata" time="0.552" classname="Apitesting.Automation.Datadriven_array"/>
</testsuite> <!-- Apitesting.Automation.Datadriven_array -->
